This is pdfTeX, Version 3.141592653-2.6-1.40.25 (MiKTeX 23.10.12) (preloaded format=pdflatex 2023.11.24)  9 JUN 2024 12:34
entering extended mode
 restricted \write18 enabled.
 file:line:error style messages enabled.
 %&-line parsing enabled.
**c:/Programmazione/Python/Tesi/arxiv_downloads/2404.15244/main.tex
(c:/Programmazione/Python/Tesi/arxiv_downloads/2404.15244/main.tex
LaTeX2e <2023-11-01>
L3 programming layer <2023-11-09>
(llncs.cls
Document Class: llncs 2022/09/05 v2.22 
 LaTeX document class for Lecture Notes in Computer Science
(C:\Users\longo\AppData\Local\Programs\MiKTeX\tex/latex/base\article.cls
Document Class: article 2023/05/17 v1.4n Standard LaTeX document class
(C:\Users\longo\AppData\Local\Programs\MiKTeX\tex/latex/base\size10.clo
File: size10.clo 2023/05/17 v1.4n Standard LaTeX file (size option)
)
\c@part=\count186
\c@section=\count187
\c@subsection=\count188
\c@subsubsection=\count189
\c@paragraph=\count190
\c@subparagraph=\count191
\c@figure=\count192
\c@table=\count193
\abovecaptionskip=\skip48
\belowcaptionskip=\skip49
\bibindent=\dimen140
) (C:\Users\longo\AppData\Local\Programs\MiKTeX\tex/latex/tools\multicol.sty
Package: multicol 2023/03/30 v1.9f multicolumn formatting (FMi)
\c@tracingmulticols=\count194
\mult@box=\box51
\multicol@leftmargin=\dimen141
\c@unbalance=\count195
\c@collectmore=\count196
\doublecol@number=\count197
\multicoltolerance=\count198
\multicolpretolerance=\count199
\full@width=\dimen142
\page@free=\dimen143
\premulticols=\dimen144
\postmulticols=\dimen145
\multicolsep=\skip50
\multicolbaselineskip=\skip51
\partial@page=\box52
\last@line=\box53
\mc@boxedresult=\box54
\maxbalancingoverflow=\dimen146
\mult@rightbox=\box55
\mult@grightbox=\box56
\mult@firstbox=\box57
\mult@gfirstbox=\box58
\@tempa=\box59
\@tempa=\box60
\@tempa=\box61
\@tempa=\box62
\@tempa=\box63
\@tempa=\box64
\@tempa=\box65
\@tempa=\box66
\@tempa=\box67
\@tempa=\box68
\@tempa=\box69
\@tempa=\box70
\@tempa=\box71
\@tempa=\box72
\@tempa=\box73
\@tempa=\box74
\@tempa=\box75
\@tempa=\box76
\@tempa=\box77
\@tempa=\box78
\@tempa=\box79
\@tempa=\box80
\@tempa=\box81
\@tempa=\box82
\@tempa=\box83
\@tempa=\box84
\@tempa=\box85
\@tempa=\box86
\@tempa=\box87
\@tempa=\box88
\@tempa=\box89
\@tempa=\box90
\@tempa=\box91
\@tempa=\box92
\@tempa=\box93
\@tempa=\box94
\c@minrows=\count266
\c@columnbadness=\count267
\c@finalcolumnbadness=\count268
\last@try=\dimen147
\multicolovershoot=\dimen148
\multicolundershoot=\dimen149
\mult@nat@firstbox=\box95
\colbreak@box=\box96
\mc@col@check@num=\count269
) (C:\Users\longo\AppData\Local\Programs\MiKTeX\tex/latex/oberdiek\aliascnt.sty
Package: aliascnt 2018/09/07 v1.5 Alias counters (HO)
)
\c@chapter=\count270
LaTeX Font Info:    Redeclaring math symbol \Gamma on input line 368.
LaTeX Font Info:    Redeclaring math symbol \Delta on input line 369.
LaTeX Font Info:    Redeclaring math symbol \Theta on input line 370.
LaTeX Font Info:    Redeclaring math symbol \Lambda on input line 371.
LaTeX Font Info:    Redeclaring math symbol \Xi on input line 372.
LaTeX Font Info:    Redeclaring math symbol \Pi on input line 373.
LaTeX Font Info:    Redeclaring math symbol \Sigma on input line 374.
LaTeX Font Info:    Redeclaring math symbol \Upsilon on input line 375.
LaTeX Font Info:    Redeclaring math symbol \Phi on input line 376.
LaTeX Font Info:    Redeclaring math symbol \Psi on input line 377.
LaTeX Font Info:    Redeclaring math symbol \Omega on input line 378.
LaTeX Info: Redefining \vec on input line 383.
\tocchpnum=\dimen150
\tocsecnum=\dimen151
\tocsectotal=\dimen152
\tocsubsecnum=\dimen153
\tocsubsectotal=\dimen154
\tocsubsubsecnum=\dimen155
\tocsubsubsectotal=\dimen156
\tocparanum=\dimen157
\tocparatotal=\dimen158
\tocsubparanum=\dimen159
\@tempcntc=\count271
\fnindent=\dimen160
\c@@inst=\count272
\c@@auth=\count273
\c@auco=\count274
\instindent=\dimen161
\authrun=\box97
\authorrunning=\toks17
\tocauthor=\toks18
\titrun=\box98
\titlerunning=\toks19
\toctitle=\toks20
\c@theorem=\count275
\c@case=\count276
\c@conjecture=\count277
\c@corollary=\count278
\c@definition=\count279
\c@example=\count280
\c@exercise=\count281
\c@lemma=\count282
\c@note=\count283
\c@problem=\count284
\c@property=\count285
\c@proposition=\count286
\c@question=\count287
\c@solution=\count288
\c@remark=\count289
\headlineindent=\dimen162
) (eccv.sty
Package: eccv LaTeX style for ECCV
 (C:\Users\longo\AppData\Local\Programs\MiKTeX\tex/latex/silence\silence.sty
Package: silence 2012/07/02 v1.5b Selective filtering of warnings and error messages
\sl@Save=\count290
\sl@StateNumber=\count291
\sl@MessageCount=\count292
\sl@Casualties=\count293
\sl@Filter=\toks21
\sl@Message=\toks22
\sl@UnexpandedMessage=\toks23
\sl@Mess@ge=\toks24
\sl@WarningCount=\count294
\sl@WarningNumber=\count295
\sl@WarningCasualties=\count296
\sl@TempBOW=\toks25
\sl@BankOfWarnings=\toks26
LaTeX Info: Redefining \GenericWarning on input line 433.
\sl@ErrorCount=\count297
\sl@ErrorNumber=\count298
\sl@ErrorCasualties=\count299
\sl@TempBOE=\toks27
\sl@BankOfErrors=\toks28
LaTeX Info: Redefining \GenericError on input line 601.
) (C:\Users\longo\AppData\Local\Programs\MiKTeX\tex/latex/etoolbox\etoolbox.sty
Package: etoolbox 2020/10/05 v2.5k e-TeX tools for LaTeX (JAW)
\etb@tempcnta=\count300
) (C:\Users\longo\AppData\Local\Programs\MiKTeX\tex/latex/base\fontenc.sty
Package: fontenc 2021/04/29 v2.0v Standard LaTeX package
) (C:\Users\longo\AppData\Local\Programs\MiKTeX\tex/latex/lineno\lineno.sty
Package: lineno 2023/05/20 line numbers on paragraphs v5.3
 (C:\Users\longo\AppData\Local\Programs\MiKTeX\tex/latex/kvoptions\kvoptions.sty
Package: kvoptions 2022-06-15 v3.15 Key value format for package options (HO)
 (C:\Users\longo\AppData\Local\Programs\MiKTeX\tex/latex/graphics\keyval.sty
Package: keyval 2022/05/29 v1.15 key=value parser (DPC)
\KV@toks@=\toks29
) (C:\Users\longo\AppData\Local\Programs\MiKTeX\tex/generic/ltxcmds\ltxcmds.sty
Package: ltxcmds 2023-12-04 v1.26 LaTeX kernel commands for general use (HO)
) (C:\Users\longo\AppData\Local\Programs\MiKTeX\tex/latex/kvsetkeys\kvsetkeys.sty
Package: kvsetkeys 2022-10-05 v1.19 Key value parser (HO)
))
\linenopenalty=\count301
\output=\toks30
\linenoprevgraf=\count302
\linenumbersep=\dimen163
\linenumberwidth=\dimen164
\c@linenumber=\count303
\c@pagewiselinenumber=\count304
\c@LN@truepage=\count305
\c@internallinenumber=\count306
\c@internallinenumbers=\count307
\quotelinenumbersep=\dimen165
\bframerule=\dimen166
\bframesep=\dimen167
\bframebox=\box99
LaTeX Info: Redefining \\ on input line 3180.
) (C:\Users\longo\AppData\Local\Programs\MiKTeX\tex/latex/xcolor\xcolor.sty
Package: xcolor 2023/11/15 v3.01 LaTeX color extensions (UK)
 (C:\Users\longo\AppData\Local\Programs\MiKTeX\tex/latex/graphics-cfg\color.cfg
File: color.cfg 2016/01/02 v1.6 sample color configuration
)
Package xcolor Info: Driver file: pdftex.def on input line 274.
 (C:\Users\longo\AppData\Local\Programs\MiKTeX\tex/latex/graphics-def\pdftex.def
File: pdftex.def 2022/09/22 v1.2b Graphics/color driver for pdftex
) (C:\Users\longo\AppData\Local\Programs\MiKTeX\tex/latex/graphics\mathcolor.ltx)
Package xcolor Info: Model `cmy' substituted by `cmy0' on input line 1350.
Package xcolor Info: Model `hsb' substituted by `rgb' on input line 1354.
Package xcolor Info: Model `RGB' extended on input line 1366.
Package xcolor Info: Model `HTML' substituted by `rgb' on input line 1368.
Package xcolor Info: Model `Hsb' substituted by `hsb' on input line 1369.
Package xcolor Info: Model `tHsb' substituted by `hsb' on input line 1370.
Package xcolor Info: Model `HSB' substituted by `hsb' on input line 1371.
Package xcolor Info: Model `Gray' substituted by `gray' on input line 1372.
Package xcolor Info: Model `wave' substituted by `hsb' on input line 1373.
) (C:\Users\longo\AppData\Local\Programs\MiKTeX\tex/latex/graphics\dvipsnam.def
File: dvipsnam.def 2016/06/17 v3.0m Driver-dependent file (DPC,SPQR)
) (C:\Users\longo\AppData\Local\Programs\MiKTeX\tex/latex/amsmath\amsmath.sty
Package: amsmath 2023/05/13 v2.17o AMS math features
\@mathmargin=\skip52

For additional information on amsmath, use the `?' option.
(C:\Users\longo\AppData\Local\Programs\MiKTeX\tex/latex/amsmath\amstext.sty
Package: amstext 2021/08/26 v2.01 AMS text
 (C:\Users\longo\AppData\Local\Programs\MiKTeX\tex/latex/amsmath\amsgen.sty
File: amsgen.sty 1999/11/30 v2.0 generic functions
\@emptytoks=\toks31
\ex@=\dimen168
)) (C:\Users\longo\AppData\Local\Programs\MiKTeX\tex/latex/amsmath\amsbsy.sty
Package: amsbsy 1999/11/29 v1.2d Bold Symbols
\pmbraise@=\dimen169
) (C:\Users\longo\AppData\Local\Programs\MiKTeX\tex/latex/amsmath\amsopn.sty
Package: amsopn 2022/04/08 v2.04 operator names
)
\inf@bad=\count308
LaTeX Info: Redefining \frac on input line 234.
\uproot@=\count309
\leftroot@=\count310
LaTeX Info: Redefining \overline on input line 399.
LaTeX Info: Redefining \colon on input line 410.
\classnum@=\count311
\DOTSCASE@=\count312
LaTeX Info: Redefining \ldots on input line 496.
LaTeX Info: Redefining \dots on input line 499.
LaTeX Info: Redefining \cdots on input line 620.
\Mathstrutbox@=\box100
\strutbox@=\box101
LaTeX Info: Redefining \big on input line 722.
LaTeX Info: Redefining \Big on input line 723.
LaTeX Info: Redefining \bigg on input line 724.
LaTeX Info: Redefining \Bigg on input line 725.
\big@size=\dimen170
LaTeX Font Info:    Redeclaring font encoding OML on input line 743.
LaTeX Font Info:    Redeclaring font encoding OMS on input line 744.
\macc@depth=\count313
LaTeX Info: Redefining \bmod on input line 905.
LaTeX Info: Redefining \pmod on input line 910.
LaTeX Info: Redefining \smash on input line 940.
LaTeX Info: Redefining \relbar on input line 970.
LaTeX Info: Redefining \Relbar on input line 971.
\c@MaxMatrixCols=\count314
\dotsspace@=\muskip16
\c@parentequation=\count315
\dspbrk@lvl=\count316
\tag@help=\toks32
\row@=\count317
\column@=\count318
\maxfields@=\count319
\andhelp@=\toks33
\eqnshift@=\dimen171
\alignsep@=\dimen172
\tagshift@=\dimen173
\tagwidth@=\dimen174
\totwidth@=\dimen175
\lineht@=\dimen176
\@envbody=\toks34
\multlinegap=\skip53
\multlinetaggap=\skip54
\mathdisplay@stack=\toks35
LaTeX Info: Redefining \[ on input line 2953.
LaTeX Info: Redefining \] on input line 2954.
)
\linenoamsmath@ams@eqpen=\count320
 (C:\Users\longo\AppData\Local\Programs\MiKTeX\tex/latex/amsfonts\amssymb.sty
Package: amssymb 2013/01/14 v3.01 AMS font symbols
 (C:\Users\longo\AppData\Local\Programs\MiKTeX\tex/latex/amsfonts\amsfonts.sty
Package: amsfonts 2013/01/14 v3.01 Basic AMSFonts support
\symAMSa=\mathgroup4
\symAMSb=\mathgroup5
LaTeX Font Info:    Redeclaring math symbol \hbar on input line 98.
LaTeX Font Info:    Overwriting math alphabet `\mathfrak' in version `bold'
(Font)                  U/euf/m/n --> U/euf/b/n on input line 106.
)) (C:\Users\longo\AppData\Local\Programs\MiKTeX\tex/latex/cite\cite.sty
LaTeX Info: Redefining \cite on input line 302.
LaTeX Info: Redefining \nocite on input line 332.
Package: cite 2015/02/27  v 5.5
) (C:\Users\longo\AppData\Local\Programs\MiKTeX\tex/latex/tools\xspace.sty
Package: xspace 2014/10/28 v1.13 Space after command names (DPC,MH)
) (C:\Users\longo\AppData\Local\Programs\MiKTeX\tex/latex/url\url.sty
\Urlmuskip=\muskip17
Package: url 2013/09/16  ver 3.4  Verb mode for urls, etc.
) (C:\Users\longo\AppData\Local\Programs\MiKTeX\tex/latex/caption\caption.sty
Package: caption 2023/08/05 v3.6o Customizing captions (AR)
 (C:\Users\longo\AppData\Local\Programs\MiKTeX\tex/latex/caption\caption3.sty
Package: caption3 2023/07/31 v2.4d caption3 kernel (AR)
\caption@tempdima=\dimen177
\captionmargin=\dimen178
\caption@leftmargin=\dimen179
\caption@rightmargin=\dimen180
\caption@width=\dimen181
\caption@indent=\dimen182
\caption@parindent=\dimen183
\caption@hangindent=\dimen184
Package caption Info: Unknown document class (or package),
(caption)             standard defaults will be used.
Package caption Info: \@makecaption = \long macro:#1#2->\small \vskip \abovecaptionskip \sbox \@tempboxa {{\bfseries #1.} #2}\ifdim \wd \@tempboxa >\hsize {\bfseries #1.} #2\par \else \global \@minipagefalse \hb@xt@ \hsize {\hfil \box \@tempboxa \hfil }\fi \vskip \belowcaptionskip  on input line 1175.
)
\c@caption@flags=\count321
\c@continuedfloat=\count322
) (C:\Users\longo\AppData\Local\Programs\MiKTeX\tex/latex/caption\subcaption.sty
Package: subcaption 2023/07/28 v1.6b Sub-captions (AR)
Package caption Info: New subtype `subfigure' on input line 238.
\c@subfigure=\count323
Package caption Info: New subtype `subtable' on input line 238.
\c@subtable=\count324
)
\cv@tmpc@=\count325
\cv@tmpc=\count326
 (C:\Users\longo\AppData\Local\Programs\MiKTeX\tex/latex/geometry\geometry.sty
Package: geometry 2020/01/02 v5.9 Page Geometry
 (C:\Users\longo\AppData\Local\Programs\MiKTeX\tex/generic/iftex\ifvtex.sty
Package: ifvtex 2019/10/25 v1.7 ifvtex legacy package. Use iftex instead.
 (C:\Users\longo\AppData\Local\Programs\MiKTeX\tex/generic/iftex\iftex.sty
Package: iftex 2022/02/03 v1.0f TeX engine tests
))
\Gm@cnth=\count327
\Gm@cntv=\count328
\c@Gm@tempcnt=\count329
\Gm@bindingoffset=\dimen185
\Gm@wd@mp=\dimen186
\Gm@odd@mp=\dimen187
\Gm@even@mp=\dimen188
\Gm@layoutwidth=\dimen189
\Gm@layoutheight=\dimen190
\Gm@layouthoffset=\dimen191
\Gm@layoutvoffset=\dimen192
\Gm@dimlist=\toks36
 (C:\Users\longo\AppData\Local\Programs\MiKTeX\tex/latex/geometry\geometry.cfg))) (eccvabbrv.sty
Package: eccvabbrv Common abbreviations for ECCV
) (preamble.sty (C:\Users\longo\AppData\Local\Programs\MiKTeX\tex/latex/graphics\graphicx.sty
Package: graphicx 2021/09/16 v1.2d Enhanced LaTeX Graphics (DPC,SPQR)
 (C:\Users\longo\AppData\Local\Programs\MiKTeX\tex/latex/graphics\graphics.sty
Package: graphics 2022/03/10 v1.4e Standard LaTeX Graphics (DPC,SPQR)
 (C:\Users\longo\AppData\Local\Programs\MiKTeX\tex/latex/graphics\trig.sty
Package: trig 2021/08/11 v1.11 sin cos tan (DPC)
) (C:\Users\longo\AppData\Local\Programs\MiKTeX\tex/latex/graphics-cfg\graphics.cfg
File: graphics.cfg 2016/06/04 v1.11 sample graphics configuration
)
Package graphics Info: Driver file: pdftex.def on input line 107.
)
\Gin@req@height=\dimen193
\Gin@req@width=\dimen194
) (symbol.sty
LaTeX Font Info:    Overwriting math alphabet `\mathsfit' in version `bold'
(Font)                  T1/cmss/m/sl --> T1/cmss/bx/n on input line 335.
LaTeX Info: Redefining \onedot on input line 536.
) (C:\Users\longo\AppData\Local\Programs\MiKTeX\tex/latex/placeins\placeins.sty
Package: placeins 2005/04/18  v 2.2
) (C:\Users\longo\AppData\Local\Programs\MiKTeX\tex/latex/booktabs\booktabs.sty
Package: booktabs 2020/01/12 v1.61803398 Publication quality tables
\heavyrulewidth=\dimen195
\lightrulewidth=\dimen196
\cmidrulewidth=\dimen197
\belowrulesep=\dimen198
\belowbottomsep=\dimen199
\aboverulesep=\dimen256
\abovetopsep=\dimen257
\cmidrulesep=\dimen258
\cmidrulekern=\dimen259
\defaultaddspace=\dimen260
\@cmidla=\count330
\@cmidlb=\count331
\@aboverulesep=\dimen261
\@belowrulesep=\dimen262
\@thisruleclass=\count332
\@lastruleclass=\count333
\@thisrulewidth=\dimen263
) (C:\Users\longo\AppData\Local\Programs\MiKTeX\tex/generic/soul\soul.sty
Package: soul 2023-06-14 v3.1 Permit use of UTF-8 characters in soul (HO)
 (C:\Users\longo\AppData\Local\Programs\MiKTeX\tex/generic/soul\soul-ori.sty
Package: soul-ori 2023-06-14 v3.1 letterspacing/underlining (mf)
\SOUL@word=\toks37
\SOUL@lasttoken=\toks38
\SOUL@syllable=\toks39
\SOUL@cmds=\toks40
\SOUL@buffer=\toks41
\SOUL@token=\toks42
\SOUL@syllgoal=\dimen264
\SOUL@syllwidth=\dimen265
\SOUL@charkern=\dimen266
\SOUL@hyphkern=\dimen267
\SOUL@dimen=\dimen268
\SOUL@dimeni=\dimen269
\SOUL@minus=\count334
\SOUL@comma=\count335
\SOUL@apo=\count336
\SOUL@grave=\count337
\SOUL@spaceskip=\skip55
\SOUL@ttwidth=\dimen270
\SOUL@uldp=\dimen271
\SOUL@ulht=\dimen272
) (C:\Users\longo\AppData\Local\Programs\MiKTeX\tex/generic/infwarerr\infwarerr.sty
Package: infwarerr 2019/12/03 v1.5 Providing info/warning/error messages (HO)
) (C:\Users\longo\AppData\Local\Programs\MiKTeX\tex/generic/etexcmds\etexcmds.sty
Package: etexcmds 2019/12/15 v1.7 Avoid name clashes with e-TeX commands (HO)
)) (C:\Users\longo\AppData\Local\Programs\MiKTeX\tex/latex/units\nicefrac.sty
Package: nicefrac 1998/08/04 v0.9b Nice fractions
\L@UnitsRaiseDisplaystyle=\skip56
\L@UnitsRaiseTextstyle=\skip57
\L@UnitsRaiseScriptstyle=\skip58
 (C:\Users\longo\AppData\Local\Programs\MiKTeX\tex/latex/base\ifthen.sty
Package: ifthen 2022/04/13 v1.1d Standard LaTeX ifthen package (DPC)
)) (C:\Users\longo\AppData\Local\Programs\MiKTeX\tex/latex/wrapfig\wrapfig.sty
\wrapoverhang=\dimen273
\WF@size=\dimen274
\c@WF@wrappedlines=\count338
\WF@box=\box102
\WF@everypar=\toks43
Package: wrapfig 2003/01/31  v 3.6
) (C:\Users\longo\AppData\Local\Programs\MiKTeX\tex/latex/pgf/frontendlayer\tikz.sty (C:\Users\longo\AppData\Local\Programs\MiKTeX\tex/latex/pgf/basiclayer\pgf.sty (C:\Users\longo\AppData\Local\Programs\MiKTeX\tex/latex/pgf/utilities\pgfrcs.sty (C:\Users\longo\AppData\Local\Programs\MiKTeX\tex/generic/pgf/utilities\pgfutil-common.tex
\pgfutil@everybye=\toks44
\pgfutil@tempdima=\dimen275
\pgfutil@tempdimb=\dimen276
) (C:\Users\longo\AppData\Local\Programs\MiKTeX\tex/generic/pgf/utilities\pgfutil-latex.def
\pgfutil@abb=\box103
) (C:\Users\longo\AppData\Local\Programs\MiKTeX\tex/generic/pgf/utilities\pgfrcs.code.tex (C:\Users\longo\AppData\Local\Programs\MiKTeX\tex/generic/pgf\pgf.revision.tex)
Package: pgfrcs 2023-01-15 v3.1.10 (3.1.10)
))
Package: pgf 2023-01-15 v3.1.10 (3.1.10)
 (C:\Users\longo\AppData\Local\Programs\MiKTeX\tex/latex/pgf/basiclayer\pgfcore.sty (C:\Users\longo\AppData\Local\Programs\MiKTeX\tex/latex/pgf/systemlayer\pgfsys.sty (C:\Users\longo\AppData\Local\Programs\MiKTeX\tex/generic/pgf/systemlayer\pgfsys.code.tex
Package: pgfsys 2023-01-15 v3.1.10 (3.1.10)
 (C:\Users\longo\AppData\Local\Programs\MiKTeX\tex/generic/pgf/utilities\pgfkeys.code.tex
\pgfkeys@pathtoks=\toks45
\pgfkeys@temptoks=\toks46
 (C:\Users\longo\AppData\Local\Programs\MiKTeX\tex/generic/pgf/utilities\pgfkeyslibraryfiltered.code.tex
\pgfkeys@tmptoks=\toks47
))
\pgf@x=\dimen277
\pgf@y=\dimen278
\pgf@xa=\dimen279
\pgf@ya=\dimen280
\pgf@xb=\dimen281
\pgf@yb=\dimen282
\pgf@xc=\dimen283
\pgf@yc=\dimen284
\pgf@xd=\dimen285
\pgf@yd=\dimen286
\w@pgf@writea=\write3
\r@pgf@reada=\read2
\c@pgf@counta=\count339
\c@pgf@countb=\count340
\c@pgf@countc=\count341
\c@pgf@countd=\count342
\t@pgf@toka=\toks48
\t@pgf@tokb=\toks49
\t@pgf@tokc=\toks50
\pgf@sys@id@count=\count343
 (C:\Users\longo\AppData\Local\Programs\MiKTeX\tex/generic/pgf/systemlayer\pgf.cfg
File: pgf.cfg 2023-01-15 v3.1.10 (3.1.10)
)
Driver file for pgf: pgfsys-pdftex.def
 (C:\Users\longo\AppData\Local\Programs\MiKTeX\tex/generic/pgf/systemlayer\pgfsys-pdftex.def
File: pgfsys-pdftex.def 2023-01-15 v3.1.10 (3.1.10)
 (C:\Users\longo\AppData\Local\Programs\MiKTeX\tex/generic/pgf/systemlayer\pgfsys-common-pdf.def
File: pgfsys-common-pdf.def 2023-01-15 v3.1.10 (3.1.10)
))) (C:\Users\longo\AppData\Local\Programs\MiKTeX\tex/generic/pgf/systemlayer\pgfsyssoftpath.code.tex
File: pgfsyssoftpath.code.tex 2023-01-15 v3.1.10 (3.1.10)
\pgfsyssoftpath@smallbuffer@items=\count344
\pgfsyssoftpath@bigbuffer@items=\count345
) (C:\Users\longo\AppData\Local\Programs\MiKTeX\tex/generic/pgf/systemlayer\pgfsysprotocol.code.tex
File: pgfsysprotocol.code.tex 2023-01-15 v3.1.10 (3.1.10)
)) (C:\Users\longo\AppData\Local\Programs\MiKTeX\tex/generic/pgf/basiclayer\pgfcore.code.tex
Package: pgfcore 2023-01-15 v3.1.10 (3.1.10)
 (C:\Users\longo\AppData\Local\Programs\MiKTeX\tex/generic/pgf/math\pgfmath.code.tex (C:\Users\longo\AppData\Local\Programs\MiKTeX\tex/generic/pgf/math\pgfmathutil.code.tex) (C:\Users\longo\AppData\Local\Programs\MiKTeX\tex/generic/pgf/math\pgfmathparser.code.tex
\pgfmath@dimen=\dimen287
\pgfmath@count=\count346
\pgfmath@box=\box104
\pgfmath@toks=\toks51
\pgfmath@stack@operand=\toks52
\pgfmath@stack@operation=\toks53
) (C:\Users\longo\AppData\Local\Programs\MiKTeX\tex/generic/pgf/math\pgfmathfunctions.code.tex) (C:\Users\longo\AppData\Local\Programs\MiKTeX\tex/generic/pgf/math\pgfmathfunctions.basic.code.tex) (C:\Users\longo\AppData\Local\Programs\MiKTeX\tex/generic/pgf/math\pgfmathfunctions.trigonometric.code.tex) (C:\Users\longo\AppData\Local\Programs\MiKTeX\tex/generic/pgf/math\pgfmathfunctions.random.code.tex) (C:\Users\longo\AppData\Local\Programs\MiKTeX\tex/generic/pgf/math\pgfmathfunctions.comparison.code.tex) (C:\Users\longo\AppData\Local\Programs\MiKTeX\tex/generic/pgf/math\pgfmathfunctions.base.code.tex) (C:\Users\longo\AppData\Local\Programs\MiKTeX\tex/generic/pgf/math\pgfmathfunctions.round.code.tex) (C:\Users\longo\AppData\Local\Programs\MiKTeX\tex/generic/pgf/math\pgfmathfunctions.misc.code.tex) (C:\Users\longo\AppData\Local\Programs\MiKTeX\tex/generic/pgf/math\pgfmathfunctions.integerarithmetics.code.tex) (C:\Users\longo\AppData\Local\Programs\MiKTeX\tex/generic/pgf/math\pgfmathcalc.code.tex) (C:\Users\longo\AppData\Local\Programs\MiKTeX\tex/generic/pgf/math\pgfmathfloat.code.tex
\c@pgfmathroundto@lastzeros=\count347
)) (C:\Users\longo\AppData\Local\Programs\MiKTeX\tex/generic/pgf/math\pgfint.code.tex) (C:\Users\longo\AppData\Local\Programs\MiKTeX\tex/generic/pgf/basiclayer\pgfcorepoints.code.tex
File: pgfcorepoints.code.tex 2023-01-15 v3.1.10 (3.1.10)
\pgf@picminx=\dimen288
\pgf@picmaxx=\dimen289
\pgf@picminy=\dimen290
\pgf@picmaxy=\dimen291
\pgf@pathminx=\dimen292
\pgf@pathmaxx=\dimen293
\pgf@pathminy=\dimen294
\pgf@pathmaxy=\dimen295
\pgf@xx=\dimen296
\pgf@xy=\dimen297
\pgf@yx=\dimen298
\pgf@yy=\dimen299
\pgf@zx=\dimen300
\pgf@zy=\dimen301
) (C:\Users\longo\AppData\Local\Programs\MiKTeX\tex/generic/pgf/basiclayer\pgfcorepathconstruct.code.tex
File: pgfcorepathconstruct.code.tex 2023-01-15 v3.1.10 (3.1.10)
\pgf@path@lastx=\dimen302
\pgf@path@lasty=\dimen303
) (C:\Users\longo\AppData\Local\Programs\MiKTeX\tex/generic/pgf/basiclayer\pgfcorepathusage.code.tex
File: pgfcorepathusage.code.tex 2023-01-15 v3.1.10 (3.1.10)
\pgf@shorten@end@additional=\dimen304
\pgf@shorten@start@additional=\dimen305
) (C:\Users\longo\AppData\Local\Programs\MiKTeX\tex/generic/pgf/basiclayer\pgfcorescopes.code.tex
File: pgfcorescopes.code.tex 2023-01-15 v3.1.10 (3.1.10)
\pgfpic=\box105
\pgf@hbox=\box106
\pgf@layerbox@main=\box107
\pgf@picture@serial@count=\count348
) (C:\Users\longo\AppData\Local\Programs\MiKTeX\tex/generic/pgf/basiclayer\pgfcoregraphicstate.code.tex
File: pgfcoregraphicstate.code.tex 2023-01-15 v3.1.10 (3.1.10)
\pgflinewidth=\dimen306
) (C:\Users\longo\AppData\Local\Programs\MiKTeX\tex/generic/pgf/basiclayer\pgfcoretransformations.code.tex
File: pgfcoretransformations.code.tex 2023-01-15 v3.1.10 (3.1.10)
\pgf@pt@x=\dimen307
\pgf@pt@y=\dimen308
\pgf@pt@temp=\dimen309
) (C:\Users\longo\AppData\Local\Programs\MiKTeX\tex/generic/pgf/basiclayer\pgfcorequick.code.tex
File: pgfcorequick.code.tex 2023-01-15 v3.1.10 (3.1.10)
) (C:\Users\longo\AppData\Local\Programs\MiKTeX\tex/generic/pgf/basiclayer\pgfcoreobjects.code.tex
File: pgfcoreobjects.code.tex 2023-01-15 v3.1.10 (3.1.10)
) (C:\Users\longo\AppData\Local\Programs\MiKTeX\tex/generic/pgf/basiclayer\pgfcorepathprocessing.code.tex
File: pgfcorepathprocessing.code.tex 2023-01-15 v3.1.10 (3.1.10)
) (C:\Users\longo\AppData\Local\Programs\MiKTeX\tex/generic/pgf/basiclayer\pgfcorearrows.code.tex
File: pgfcorearrows.code.tex 2023-01-15 v3.1.10 (3.1.10)
\pgfarrowsep=\dimen310
) (C:\Users\longo\AppData\Local\Programs\MiKTeX\tex/generic/pgf/basiclayer\pgfcoreshade.code.tex
File: pgfcoreshade.code.tex 2023-01-15 v3.1.10 (3.1.10)
\pgf@max=\dimen311
\pgf@sys@shading@range@num=\count349
\pgf@shadingcount=\count350
) (C:\Users\longo\AppData\Local\Programs\MiKTeX\tex/generic/pgf/basiclayer\pgfcoreimage.code.tex
File: pgfcoreimage.code.tex 2023-01-15 v3.1.10 (3.1.10)
) (C:\Users\longo\AppData\Local\Programs\MiKTeX\tex/generic/pgf/basiclayer\pgfcoreexternal.code.tex
File: pgfcoreexternal.code.tex 2023-01-15 v3.1.10 (3.1.10)
\pgfexternal@startupbox=\box108
) (C:\Users\longo\AppData\Local\Programs\MiKTeX\tex/generic/pgf/basiclayer\pgfcorelayers.code.tex
File: pgfcorelayers.code.tex 2023-01-15 v3.1.10 (3.1.10)
) (C:\Users\longo\AppData\Local\Programs\MiKTeX\tex/generic/pgf/basiclayer\pgfcoretransparency.code.tex
File: pgfcoretransparency.code.tex 2023-01-15 v3.1.10 (3.1.10)
) (C:\Users\longo\AppData\Local\Programs\MiKTeX\tex/generic/pgf/basiclayer\pgfcorepatterns.code.tex
File: pgfcorepatterns.code.tex 2023-01-15 v3.1.10 (3.1.10)
) (C:\Users\longo\AppData\Local\Programs\MiKTeX\tex/generic/pgf/basiclayer\pgfcorerdf.code.tex
File: pgfcorerdf.code.tex 2023-01-15 v3.1.10 (3.1.10)
))) (C:\Users\longo\AppData\Local\Programs\MiKTeX\tex/generic/pgf/modules\pgfmoduleshapes.code.tex
File: pgfmoduleshapes.code.tex 2023-01-15 v3.1.10 (3.1.10)
\pgfnodeparttextbox=\box109
) (C:\Users\longo\AppData\Local\Programs\MiKTeX\tex/generic/pgf/modules\pgfmoduleplot.code.tex
File: pgfmoduleplot.code.tex 2023-01-15 v3.1.10 (3.1.10)
) (C:\Users\longo\AppData\Local\Programs\MiKTeX\tex/latex/pgf/compatibility\pgfcomp-version-0-65.sty
Package: pgfcomp-version-0-65 2023-01-15 v3.1.10 (3.1.10)
\pgf@nodesepstart=\dimen312
\pgf@nodesepend=\dimen313
) (C:\Users\longo\AppData\Local\Programs\MiKTeX\tex/latex/pgf/compatibility\pgfcomp-version-1-18.sty
Package: pgfcomp-version-1-18 2023-01-15 v3.1.10 (3.1.10)
)) (C:\Users\longo\AppData\Local\Programs\MiKTeX\tex/latex/pgf/utilities\pgffor.sty (C:\Users\longo\AppData\Local\Programs\MiKTeX\tex/latex/pgf/utilities\pgfkeys.sty (C:\Users\longo\AppData\Local\Programs\MiKTeX\tex/generic/pgf/utilities\pgfkeys.code.tex)) (C:\Users\longo\AppData\Local\Programs\MiKTeX\tex/latex/pgf/math\pgfmath.sty (C:\Users\longo\AppData\Local\Programs\MiKTeX\tex/generic/pgf/math\pgfmath.code.tex)) (C:\Users\longo\AppData\Local\Programs\MiKTeX\tex/generic/pgf/utilities\pgffor.code.tex
Package: pgffor 2023-01-15 v3.1.10 (3.1.10)
\pgffor@iter=\dimen314
\pgffor@skip=\dimen315
\pgffor@stack=\toks54
\pgffor@toks=\toks55
)) (C:\Users\longo\AppData\Local\Programs\MiKTeX\tex/generic/pgf/frontendlayer/tikz\tikz.code.tex
Package: tikz 2023-01-15 v3.1.10 (3.1.10)
 (C:\Users\longo\AppData\Local\Programs\MiKTeX\tex/generic/pgf/libraries\pgflibraryplothandlers.code.tex
File: pgflibraryplothandlers.code.tex 2023-01-15 v3.1.10 (3.1.10)
\pgf@plot@mark@count=\count351
\pgfplotmarksize=\dimen316
)
\tikz@lastx=\dimen317
\tikz@lasty=\dimen318
\tikz@lastxsaved=\dimen319
\tikz@lastysaved=\dimen320
\tikz@lastmovetox=\dimen321
\tikz@lastmovetoy=\dimen322
\tikzleveldistance=\dimen323
\tikzsiblingdistance=\dimen324
\tikz@figbox=\box110
\tikz@figbox@bg=\box111
\tikz@tempbox=\box112
\tikz@tempbox@bg=\box113
\tikztreelevel=\count352
\tikznumberofchildren=\count353
\tikznumberofcurrentchild=\count354
\tikz@fig@count=\count355
 (C:\Users\longo\AppData\Local\Programs\MiKTeX\tex/generic/pgf/modules\pgfmodulematrix.code.tex
File: pgfmodulematrix.code.tex 2023-01-15 v3.1.10 (3.1.10)
\pgfmatrixcurrentrow=\count356
\pgfmatrixcurrentcolumn=\count357
\pgf@matrix@numberofcolumns=\count358
)
\tikz@expandcount=\count359
 (C:\Users\longo\AppData\Local\Programs\MiKTeX\tex/generic/pgf/frontendlayer/tikz/libraries\tikzlibrarytopaths.code.tex
File: tikzlibrarytopaths.code.tex 2023-01-15 v3.1.10 (3.1.10)
))) (C:\Users\longo\AppData\Local\Programs\MiKTeX\tex/latex/tools\bm.sty
Package: bm 2023/07/08 v1.2f Bold Symbol Support (DPC/FMi)
\symboldoperators=\mathgroup6
\symboldletters=\mathgroup7
\symboldsymbols=\mathgroup8
Package bm Info: No bold for \OMX/cmex/m/n, using \pmb.
Package bm Info: No bold for \U/msa/m/n, using \pmb.
Package bm Info: No bold for \U/msb/m/n, using \pmb.
LaTeX Font Info:    Redeclaring math alphabet \mathbf on input line 149.
) (C:\Users\longo\AppData\Local\Programs\MiKTeX\tex/latex/bbm\bbm.sty
Package: bbm 1999/03/15 V 1.2 provides fonts for set symbols - TH
LaTeX Font Info:    Overwriting math alphabet `\mathbbm' in version `bold'
(Font)                  U/bbm/m/n --> U/bbm/bx/n on input line 33.
LaTeX Font Info:    Overwriting math alphabet `\mathbbmss' in version `bold'
(Font)                  U/bbmss/m/n --> U/bbmss/bx/n on input line 35.
) (C:\Users\longo\AppData\Local\Programs\MiKTeX\tex/latex/enumitem\enumitem.sty
Package: enumitem 2019/06/20 v3.9 Customized lists
\labelindent=\skip59
\enit@outerparindent=\dimen325
\enit@toks=\toks56
\enit@inbox=\box114
\enit@count@id=\count360
\enitdp@description=\count361
) (C:\Users\longo\AppData\Local\Programs\MiKTeX\tex/latex/multirow\multirow.sty
Package: multirow 2021/03/15 v2.8 Span multiple rows of a table
\multirow@colwidth=\skip60
\multirow@cntb=\count362
\multirow@dima=\skip61
\bigstrutjot=\dimen326
) (C:\Users\longo\AppData\Local\Programs\MiKTeX\tex/latex/fontawesome5\fontawesome5.sty (C:\Users\longo\AppData\Local\Programs\MiKTeX\tex/latex/l3kernel\expl3.sty
Package: expl3 2023-11-09 L3 programming layer (loader) 
 (C:\Users\longo\AppData\Local\Programs\MiKTeX\tex/latex/l3backend\l3backend-pdftex.def
File: l3backend-pdftex.def 2023-11-09 L3 backend support: PDF output (pdfTeX)
\l__color_backend_stack_int=\count363
\l__pdf_internal_box=\box115
))
Package: fontawesome5 2022/05/02 v5.15.4 Font Awesome 5
 (C:\Users\longo\AppData\Local\Programs\MiKTeX\tex/latex/l3packages/l3keys2e\l3keys2e.sty
Package: l3keys2e 2023-10-10 LaTeX2e option processing using LaTeX3 keys
) (C:\Users\longo\AppData\Local\Programs\MiKTeX\tex/latex/l3packages/xparse\xparse.sty
Package: xparse 2023-10-10 L3 Experimental document command parser
) (C:\Users\longo\AppData\Local\Programs\MiKTeX\tex/latex/fontawesome5\fontawesome5-generic-helper.sty
Package: fontawesome5-generic-helper 2022/05/02 v5.15.4 non-uTeX helper for fontawesome5
 (C:\Users\longo\AppData\Local\Programs\MiKTeX\tex/latex/fontawesome5\fontawesome5-mapping.def))) (C:\Users\longo\AppData\Local\Programs\MiKTeX\tex/latex/tcolorbox\tcolorbox.sty
Package: tcolorbox 2023/09/26 version 6.1.0 text color boxes
 (C:\Users\longo\AppData\Local\Programs\MiKTeX\tex/latex/tools\verbatim.sty
Package: verbatim 2023-11-06 v1.5v LaTeX2e package for verbatim enhancements
\every@verbatim=\toks57
\verbatim@line=\toks58
\verbatim@in@stream=\read3
) (C:\Users\longo\AppData\Local\Programs\MiKTeX\tex/latex/environ\environ.sty
Package: environ 2014/05/04 v0.3 A new way to define environments
 (C:\Users\longo\AppData\Local\Programs\MiKTeX\tex/latex/trimspaces\trimspaces.sty
Package: trimspaces 2009/09/17 v1.1 Trim spaces around a token list
))
\tcb@titlebox=\box116
\tcb@upperbox=\box117
\tcb@lowerbox=\box118
\tcb@phantombox=\box119
\c@tcbbreakpart=\count364
\c@tcblayer=\count365
\c@tcolorbox@number=\count366
\tcb@temp=\box120
\tcb@temp=\box121
\tcb@temp=\box122
\tcb@temp=\box123
 (C:\Users\longo\AppData\Local\Programs\MiKTeX\tex/latex/tcolorbox\tcbraster.code.tex
Library (tcolorbox): 'tcbraster.code.tex' version '6.1.0'
\c@tcbrastercolumn=\count367
\c@tcbrasterrow=\count368
\c@tcbrasternum=\count369
\c@tcbraster=\count370
) (C:\Users\longo\AppData\Local\Programs\MiKTeX\tex/latex/tcolorbox\tcbskins.code.tex
Library (tcolorbox): 'tcbskins.code.tex' version '6.1.0'
(C:\Users\longo\AppData\Local\Programs\MiKTeX\tex/latex/tikzfill\tikzfill.image.sty
Package: tikzfill.image 2023/08/08 v1.0.1 Image filling library for TikZ
 (C:\Users\longo\AppData\Local\Programs\MiKTeX\tex/latex/tikzfill\tikzfill-common.sty
Package: tikzfill-common 2023/08/08 v1.0.1 Auxiliary code for tikzfill
) (C:\Users\longo\AppData\Local\Programs\MiKTeX\tex/latex/tikzfill\tikzlibraryfill.image.code.tex
File: tikzlibraryfill.image.code.tex 2023/08/08 v1.0.1 Image filling library
\l__tikzfill_img_box=\box124
)) (C:\Users\longo\AppData\Local\Programs\MiKTeX\tex/latex/tcolorbox\tcbskinsjigsaw.code.tex
Library (tcolorbox): 'tcbskinsjigsaw.code.tex' version '6.1.0'
)) (C:\Users\longo\AppData\Local\Programs\MiKTeX\tex/latex/tcolorbox\tcbbreakable.code.tex
Library (tcolorbox): 'tcbbreakable.code.tex' version '6.1.0'
(C:\Users\longo\AppData\Local\Programs\MiKTeX\tex/latex/pdfcol\pdfcol.sty
Package: pdfcol 2022-09-21 v1.7 Handle new color stacks for pdfTeX (HO)
)
Package pdfcol Info: New color stack `tcb@breakable' = 1 on input line 23.
\tcb@testbox=\box125
\tcb@totalupperbox=\box126
\tcb@totallowerbox=\box127
) (C:\Users\longo\AppData\Local\Programs\MiKTeX\tex/latex/tcolorbox\tcbhooks.code.tex
Library (tcolorbox): 'tcbhooks.code.tex' version '6.1.0'
) (C:\Users\longo\AppData\Local\Programs\MiKTeX\tex/latex/tcolorbox\tcbtheorems.code.tex
Library (tcolorbox): 'tcbtheorems.code.tex' version '6.1.0'
) (C:\Users\longo\AppData\Local\Programs\MiKTeX\tex/latex/tcolorbox\tcbfitting.code.tex
Library (tcolorbox): 'tcbfitting.code.tex' version '6.1.0'
\tcbfitdim=\dimen327
\tcb@lowerfitdim=\dimen328
\tcb@upperfitdim=\dimen329
\tcb@cur@hbadness=\count371
))) (C:\Users\longo\AppData\Local\Programs\MiKTeX\tex/latex/colortbl\colortbl.sty
Package: colortbl 2024/02/20 v1.0g Color table columns (DPC)
 (C:\Users\longo\AppData\Local\Programs\MiKTeX\tex/latex/tools\array.sty
Package: array 2023/10/16 v2.5g Tabular extension package (FMi)
\col@sep=\dimen330
\ar@mcellbox=\box128
\extrarowheight=\dimen331
\NC@list=\toks59
\extratabsurround=\skip62
\backup@length=\skip63
\ar@cellbox=\box129
)
\everycr=\toks60
\minrowclearance=\skip64
\rownum=\count372
) (C:\Users\longo\AppData\Local\Programs\MiKTeX\tex/latex/axessibility\axessibility.sty
Package: axessibility 
 (C:\Users\longo\AppData\Local\Programs\MiKTeX\tex/latex/xstring\xstring.sty (C:\Users\longo\AppData\Local\Programs\MiKTeX\tex/generic/xstring\xstring.tex
\xs_counta=\count373
\xs_countb=\count374
)
Package: xstring 2023/08/22 v1.86 String manipulations (CT)
) (C:\Users\longo\AppData\Local\Programs\MiKTeX\tex/latex/accsupp\accsupp.sty
Package: accsupp 2019/12/05 v0.6 Accessibility support by marked content (HO)
 (C:\Users\longo\AppData\Local\Programs\MiKTeX\tex/generic/pdfescape\pdfescape.sty
Package: pdfescape 2019/12/09 v1.15 Implements pdfTeX's escape features (HO)
 (C:\Users\longo\AppData\Local\Programs\MiKTeX\tex/generic/pdftexcmds\pdftexcmds.sty
Package: pdftexcmds 2020-06-27 v0.33 Utility functions of pdfTeX for LuaTeX (HO)
Package pdftexcmds Info: \pdf@primitive is available.
Package pdftexcmds Info: \pdf@ifprimitive is available.
Package pdftexcmds Info: \pdfdraftmode found.
)) (C:\Users\longo\AppData\Local\Programs\MiKTeX\tex/latex/accsupp\accsupp-pdftex.def
File: accsupp-pdftex.def 2019/12/05 v0.6 accsupp driver for pdfTeX (HO)
)) (C:\Users\longo\AppData\Local\Programs\MiKTeX\tex/generic/pdftex\glyphtounicode.tex)
\@mltext=\toks61
\@mltexttmp=\toks62
) (C:\Users\longo\AppData\Local\Programs\MiKTeX\tex/latex/hyperref\hyperref.sty
Package: hyperref 2023-11-09 v7.01f Hypertext links for LaTeX
 (C:\Users\longo\AppData\Local\Programs\MiKTeX\tex/generic/kvdefinekeys\kvdefinekeys.sty
Package: kvdefinekeys 2019-12-19 v1.6 Define keys (HO)
) (C:\Users\longo\AppData\Local\Programs\MiKTeX\tex/latex/hycolor\hycolor.sty
Package: hycolor 2020-01-27 v1.10 Color options for hyperref/bookmark (HO)
) (C:\Users\longo\AppData\Local\Programs\MiKTeX\tex/latex/letltxmacro\letltxmacro.sty
Package: letltxmacro 2019/12/03 v1.6 Let assignment for LaTeX macros (HO)
) (C:\Users\longo\AppData\Local\Programs\MiKTeX\tex/latex/auxhook\auxhook.sty
Package: auxhook 2019-12-17 v1.6 Hooks for auxiliary files (HO)
) (C:\Users\longo\AppData\Local\Programs\MiKTeX\tex/latex/hyperref\nameref.sty
Package: nameref 2023-11-09 v2.55 Cross-referencing by name of section
 (C:\Users\longo\AppData\Local\Programs\MiKTeX\tex/latex/refcount\refcount.sty
Package: refcount 2019/12/15 v3.6 Data extraction from label references (HO)
) (C:\Users\longo\AppData\Local\Programs\MiKTeX\tex/generic/gettitlestring\gettitlestring.sty
Package: gettitlestring 2019/12/15 v1.6 Cleanup title references (HO)
)
\c@section@level=\count375
)
\@linkdim=\dimen332
\Hy@linkcounter=\count376
\Hy@pagecounter=\count377
 (C:\Users\longo\AppData\Local\Programs\MiKTeX\tex/latex/hyperref\pd1enc.def
File: pd1enc.def 2023-11-09 v7.01f Hyperref: PDFDocEncoding definition (HO)
Now handling font encoding PD1 ...
... no UTF-8 mapping file for font encoding PD1
) (C:\Users\longo\AppData\Local\Programs\MiKTeX\tex/generic/intcalc\intcalc.sty
Package: intcalc 2019/12/15 v1.3 Expandable calculations with integers (HO)
)
\Hy@SavedSpaceFactor=\count378
 (C:\Users\longo\AppData\Local\Programs\MiKTeX\tex/latex/hyperref\puenc.def
File: puenc.def 2023-11-09 v7.01f Hyperref: PDF Unicode definition (HO)
Now handling font encoding PU ...
... no UTF-8 mapping file for font encoding PU
)
Package hyperref Info: Option `breaklinks' set `true' on input line 4054.
Package hyperref Info: Option `colorlinks' set `true' on input line 4054.
Package hyperref Info: Hyper figures OFF on input line 4171.
Package hyperref Info: Link nesting OFF on input line 4176.
Package hyperref Info: Hyper index ON on input line 4179.
Package hyperref Info: Plain pages OFF on input line 4186.
Package hyperref Info: Backreferencing ON on input line 4189.
Package hyperref Info: Implicit mode ON; LaTeX internals redefined.
Package hyperref Info: Bookmarks ON on input line 4438.
 (C:\Users\longo\AppData\Local\Programs\MiKTeX\tex/latex/hyperref\backref.sty
Package: backref 2023-08-01 v1.43 Bibliographical back referencing
 (C:\Users\longo\AppData\Local\Programs\MiKTeX\tex/latex/rerunfilecheck\rerunfilecheck.sty
Package: rerunfilecheck 2022-07-10 v1.10 Rerun checks for auxiliary files (HO)
 (C:\Users\longo\AppData\Local\Programs\MiKTeX\tex/latex/base\atveryend-ltx.sty
Package: atveryend-ltx 2020/08/19 v1.0a Emulation of the original atveryend package
with kernel methods
) (C:\Users\longo\AppData\Local\Programs\MiKTeX\tex/generic/uniquecounter\uniquecounter.sty
Package: uniquecounter 2019/12/15 v1.4 Provide unlimited unique counter (HO)
 (C:\Users\longo\AppData\Local\Programs\MiKTeX\tex/generic/bigintcalc\bigintcalc.sty
Package: bigintcalc 2019/12/15 v1.5 Expandable calculations on big integers (HO)
))
Package uniquecounter Info: New unique counter `rerunfilecheck' on input line 285.
))
\c@Hy@tempcnt=\count379
LaTeX Info: Redefining \url on input line 4776.
\XeTeXLinkMargin=\dimen333
 (C:\Users\longo\AppData\Local\Programs\MiKTeX\tex/generic/bitset\bitset.sty
Package: bitset 2019/12/09 v1.3 Handle bit-vector datatype (HO)
)
\Fld@menulength=\count380
\Field@Width=\dimen334
\Fld@charsize=\dimen335
Package hyperref Info: Hyper figures OFF on input line 6055.
Package hyperref Info: Link nesting OFF on input line 6060.
Package hyperref Info: Hyper index ON on input line 6063.
Package hyperref Info: backreferencing ON on input line 6068.
Package hyperref Info: Link coloring ON on input line 6073.
Package hyperref Info: Link coloring with OCG OFF on input line 6080.
Package hyperref Info: PDF/A mode OFF on input line 6085.
 (C:\Users\longo\AppData\Local\Programs\MiKTeX\tex/latex/base\atbegshi-ltx.sty
Package: atbegshi-ltx 2021/01/10 v1.0c Emulation of the original atbegshi
package with kernel methods
)
\Hy@abspage=\count381
\c@Item=\count382
\c@Hfootnote=\count383
)
Package hyperref Info: Driver (autodetected): hpdftex.
 (C:\Users\longo\AppData\Local\Programs\MiKTeX\tex/latex/hyperref\hpdftex.def
File: hpdftex.def 2023-11-09 v7.01f Hyperref driver for pdfTeX
\Fld@listcount=\count384
\c@bookmark@seq@number=\count385
\Hy@SectionHShift=\skip65
) (C:\Users\longo\AppData\Local\Programs\MiKTeX\tex/latex/cleveref\cleveref.sty
Package: cleveref 2018/03/27 v0.21.4 Intelligent cross-referencing
Package cleveref Info: `hyperref' support loaded on input line 2370.
LaTeX Info: Redefining \cref on input line 2370.
LaTeX Info: Redefining \Cref on input line 2370.
LaTeX Info: Redefining \crefrange on input line 2370.
LaTeX Info: Redefining \Crefrange on input line 2370.
LaTeX Info: Redefining \cpageref on input line 2370.
LaTeX Info: Redefining \Cpageref on input line 2370.
LaTeX Info: Redefining \cpagerefrange on input line 2370.
LaTeX Info: Redefining \Cpagerefrange on input line 2370.
LaTeX Info: Redefining \labelcref on input line 2370.
LaTeX Info: Redefining \labelcpageref on input line 2370.
Package cleveref Info: `aliascnt' support loaded on input line 3193.
Package cleveref Info: always capitalise cross-reference names on input line 7830.
Package cleveref Info: always capitalise cross-reference names on input line 7852.
) (main.aux)
\openout1 = `main.aux'.

LaTeX Font Info:    Checking defaults for OML/cmm/m/it on input line 22.
LaTeX Font Info:    ... okay on input line 22.
LaTeX Font Info:    Checking defaults for OMS/cmsy/m/n on input line 22.
LaTeX Font Info:    ... okay on input line 22.
LaTeX Font Info:    Checking defaults for OT1/cmr/m/n on input line 22.
LaTeX Font Info:    ... okay on input line 22.
LaTeX Font Info:    Checking defaults for T1/cmr/m/n on input line 22.
LaTeX Font Info:    ... okay on input line 22.
LaTeX Font Info:    Checking defaults for TS1/cmr/m/n on input line 22.
LaTeX Font Info:    ... okay on input line 22.
LaTeX Font Info:    Checking defaults for OMX/cmex/m/n on input line 22.
LaTeX Font Info:    ... okay on input line 22.
LaTeX Font Info:    Checking defaults for U/cmr/m/n on input line 22.
LaTeX Font Info:    ... okay on input line 22.
LaTeX Font Info:    Checking defaults for PD1/pdf/m/n on input line 22.
LaTeX Font Info:    ... okay on input line 22.
LaTeX Font Info:    Checking defaults for PU/pdf/m/n on input line 22.
LaTeX Font Info:    ... okay on input line 22.
 (C:\Users\longo\AppData\Local\Programs\MiKTeX\tex/context/base/mkii\supp-pdf.mkii
[Loading MPS to PDF converter (version 2006.09.02).]
\scratchcounter=\count386
\scratchdimen=\dimen336
\scratchbox=\box130
\nofMPsegments=\count387
\nofMParguments=\count388
\everyMPshowfont=\toks63
\MPscratchCnt=\count389
\MPscratchDim=\dimen337
\MPnumerator=\count390
\makeMPintoPDFobject=\count391
\everyMPtoPDFconversion=\toks64
) (C:\Users\longo\AppData\Local\Programs\MiKTeX\tex/latex/epstopdf-pkg\epstopdf-base.sty
Package: epstopdf-base 2020-01-24 v2.11 Base part for package epstopdf
 (C:\Users\longo\AppData\Local\Programs\MiKTeX\tex/latex/grfext\grfext.sty
Package: grfext 2019/12/03 v1.3 Manage graphics extensions (HO)
)
Package epstopdf-base Info: Redefining graphics rule for `.eps' on input line 485.
Package grfext Info: Graphics extension search list:
(grfext)             [.pdf,.png,.jpg,.mps,.jpeg,.jbig2,.jb2,.PDF,.PNG,.JPG,.JPEG,.JBIG2,.JB2,.eps]
(grfext)             \AppendGraphicsExtensions on input line 504.
 (C:\Users\longo\AppData\Local\Programs\MiKTeX\tex/latex/00miktex\epstopdf-sys.cfg
File: epstopdf-sys.cfg 2021/03/18 v2.0 Configuration of epstopdf for MiKTeX
))
Package caption Info: Begin \AtBeginDocument code.
Package caption Info: hyperref package is loaded.
Package caption Info: wrapfig package is loaded.
Package caption Info: End \AtBeginDocument code.


Package eccv Warning: Package `hyperref' is loaded with option `pagebackref', which is *not* recommended for camera-ready version.

*geometry* driver: auto-detecting
*geometry* detected driver: pdftex
*geometry* verbose mode - [ preamble ] result:
* driver: pdftex
* paper: custom
* layout: <same size as paper>
* layoutoffset:(h,v)=(0.0pt,0.0pt)
* modes: twoside 
* h-part:(L,W,R)=(34.1433pt, 347.12361pt, 34.14333pt)
* v-part:(T,H,B)=(34.1433pt, 549.13818pt, 34.14331pt)
* \paperwidth=415.41023pt
* \paperheight=617.42479pt
* \textwidth=347.12361pt
* \textheight=549.13818pt
* \oddsidemargin=-38.1267pt
* \evensidemargin=-38.12666pt
* \topmargin=-66.1267pt
* \headheight=12.0pt
* \headsep=16.0pt
* \topskip=10.0pt
* \footskip=30.0pt
* \marginparwidth=90.0pt
* \marginparsep=11.0pt
* \columnsep=10.0pt
* \skip\footins=9.0pt plus 4.0pt minus 2.0pt
* \hoffset=0.0pt
* \voffset=0.0pt
* \mag=1000
* \@twocolumnfalse
* \@twosidetrue
* \@mparswitchtrue
* \@reversemarginfalse
* (1in=72.27pt=25.4mm, 1cm=28.453pt)

Package hyperref Info: Link coloring ON on input line 22.
(main.out) (main.out)
\@outlinefile=\write4
\openout4 = `main.out'.

LaTeX Font Info:    Trying to load font information for U+msa on input line 49.
 (C:\Users\longo\AppData\Local\Programs\MiKTeX\tex/latex/amsfonts\umsa.fd
File: umsa.fd 2013/01/14 v3.01 AMS symbols A
)
LaTeX Font Info:    Trying to load font information for U+msb on input line 49.
 (C:\Users\longo\AppData\Local\Programs\MiKTeX\tex/latex/amsfonts\umsb.fd
File: umsb.fd 2013/01/14 v3.01 AMS symbols B
)
LaTeX Font Info:    Trying to load font information for T1+cmtt on input line 49.
 (C:\Users\longo\AppData\Local\Programs\MiKTeX\tex/latex/base\t1cmtt.fd
File: t1cmtt.fd 2023/04/13 v2.5m Standard LaTeX font definitions
) (sections/0_abstract.tex) (sections/1_intro.tex (figures/teaser.tex
<figures/images/teaser.png, id=10, 1665.22125pt x 412.54124pt>
File: figures/images/teaser.png Graphic file (type png)
<use figures/images/teaser.png>
Package pdftex.def Info: figures/images/teaser.png  used on input line 4.
(pdftex.def)             Requested size: 225.62822pt x 55.89209pt.
<figures/images/image_vs_layer_barplot.pdf, id=12, 211.33957pt x 168.7374pt>
File: figures/images/image_vs_layer_barplot.pdf Graphic file (type pdf)
<use figures/images/image_vs_layer_barplot.pdf>
Package pdftex.def Info: figures/images/image_vs_layer_barplot.pdf  used on input line 11.
(pdftex.def)             Requested size: 104.13814pt x 83.14548pt.

Underfull \hbox (badness 10000) in paragraph at lines 12--12
[]\T1/cmr/bx/n/9 Fig.2: |\T1/cmr/m/n/9 His-togram of
 []


Underfull \hbox (badness 10000) in paragraph at lines 12--12
\T1/cmr/m/n/9 im-ages achiev-ing best
 []

) [1

{C:/Users/longo/AppData/Local/MiKTeX/fonts/map/pdftex/pdftex.map}] [2 <./figures/images/teaser.png> <./figures/images/image_vs_layer_barplot.pdf>]) (sections/2_related_works.tex [3]) (sections/3_method.tex
LaTeX Font Info:    Font shape `T1/cmtt/bx/n' in size <12> not available
(Font)              Font shape `T1/cmtt/m/n' tried instead on input line 1.
 [4] (figures/main_framework.tex
<figures/images/main_framework.pdf, id=202, 644.4075pt x 381.34468pt>
File: figures/images/main_framework.pdf Graphic file (type pdf)
<use figures/images/main_framework.pdf>
Package pdftex.def Info: figures/images/main_framework.pdf  used on input line 3.
(pdftex.def)             Requested size: 347.12361pt x 209.93805pt.
LaTeX Font Info:    Font shape `T1/cmtt/bx/n' in size <9> not available
(Font)              Font shape `T1/cmtt/m/n' tried instead on input line 4.
) [5] [6 <./figures/images/main_framework.pdf>] (figures/PQ_vs_layers.tex
<figures/images/PQ_vs_layer_train_set.pdf, id=343, 242.30626pt x 186.87015pt>
File: figures/images/PQ_vs_layer_train_set.pdf Graphic file (type pdf)
<use figures/images/PQ_vs_layer_train_set.pdf>
Package pdftex.def Info: figures/images/PQ_vs_layer_train_set.pdf  used on input line 4.
(pdftex.def)             Requested size: 156.20456pt x 120.469pt.

Underfull \hbox (badness 1242) in paragraph at lines 5--5
[]\T1/cmr/bx/n/9 Fig.4: |In-tu-ition for \T1/cmr/m/n/9 Eq. [][]4[][]. This
 []


Underfull \hbox (badness 4913) in paragraph at lines 5--5
\T1/cmr/m/n/9 fig-ure shows that pri-or-i-tiz-ing PQ
 []


Underfull \hbox (badness 3138) in paragraph at lines 5--5
\T1/cmr/m/n/9 con-versely, pri-or-i-tiz-ing lesser lay-ers
 []

) [7 <./figures/images/PQ_vs_layer_train_set.pdf>]) [8] (sections/4_experiments.tex [9] (tables/SOTA.tex (tables/results_coco.tex
Underfull \hbox (badness 5817) in paragraph at lines 3--3
[]\T1/cmr/bx/n/9 Table 1: |COCO eval-u-a-tion. []\T1/cmr/m/n/9 Our[]
 []

) (tables/results_cityscapes.tex)) [10] (tables/loss_and_smaller_models.tex (tables/results_beta.tex) (tables/results_smaller_models.tex)) [11] (tables/beta_bb_and_bb_impact.tex (tables/results_loss.tex) (figures/pareto.tex
<figures/images/pareto_plot.pdf, id=474, 198.87599pt x 154.3346pt>
File: figures/images/pareto_plot.pdf Graphic file (type pdf)
<use figures/images/pareto_plot.pdf>
Package pdftex.def Info: figures/images/pareto_plot.pdf  used on input line 2.
(pdftex.def)             Requested size: 102.23576pt x 79.33836pt.


Package caption Warning: The type was already set to `table'
(caption)                 on input line 5.
See the caption package documentation for explanation.


Underfull \hbox (badness 4739) in paragraph at lines 6--6
\OML/cmm/m/it/9 i$ \T1/cmr/m/n/9 lay-ers. []$\OML/cmm/m/it/9 `[]$[] \T1/cmr/m/n/9 is
 []


Underfull \hbox (badness 5161) in paragraph at lines 6--6
\T1/cmr/m/n/9 re-sult of same
 []


Underfull \hbox (badness 10000) in paragraph at lines 6--6
\T1/cmr/m/n/9 model from
 []


Underfull \hbox (badness 10000) in paragraph at lines 6--6
\T1/cmr/m/n/9 our Step []\T1/cmr/bx/it/9 A[]\T1/cmr/m/n/9 .
 []

) (tables/results_backbones.tex)) [12 <./figures/images/pareto_plot.pdf>] (tables/weights_and_detr.tex (tables/results_detr.tex) (tables/results_weights.tex)) (figures/qual_results.tex
<figures/qual_result_images/coco/exp10/000000297427.jpg, id=537, 582.175pt x 642.4pt>
File: figures/qual_result_images/coco/exp10/000000297427.jpg Graphic file (type jpg)
<use figures/qual_result_images/coco/exp10/000000297427.jpg>
Package pdftex.def Info: figures/qual_result_images/coco/exp10/000000297427.jpg  used on input line 7.
(pdftex.def)             Requested size: 111.91418pt x 123.48839pt.
<figures/qual_result_images/coco/exp10/000000297427_m2f.jpg, id=538, 419.166pt x 462.528pt>
File: figures/qual_result_images/coco/exp10/000000297427_m2f.jpg Graphic file (type jpg)
<use figures/qual_result_images/coco/exp10/000000297427_m2f.jpg>
Package pdftex.def Info: figures/qual_result_images/coco/exp10/000000297427_m2f.jpg  used on input line 8.
(pdftex.def)             Requested size: 111.91418pt x 123.48682pt.
<figures/qual_result_images/coco/exp10/000000297427_ours.jpg, id=539, 419.166pt x 462.528pt>
File: figures/qual_result_images/coco/exp10/000000297427_ours.jpg Graphic file (type jpg)
<use figures/qual_result_images/coco/exp10/000000297427_ours.jpg>
Package pdftex.def Info: figures/qual_result_images/coco/exp10/000000297427_ours.jpg  used on input line 9.
(pdftex.def)             Requested size: 111.91418pt x 123.48682pt.
<figures/qual_result_images/coco/exp11/000000300913.jpg, id=540, 501.875pt x 376.40625pt>
File: figures/qual_result_images/coco/exp11/000000300913.jpg Graphic file (type jpg)
<use figures/qual_result_images/coco/exp11/000000300913.jpg>
Package pdftex.def Info: figures/qual_result_images/coco/exp11/000000300913.jpg  used on input line 12.
(pdftex.def)             Requested size: 111.91418pt x 83.93535pt.
<figures/qual_result_images/coco/exp11/000000300913_m2f.jpg, id=541, 361.35pt x 271.0125pt>
File: figures/qual_result_images/coco/exp11/000000300913_m2f.jpg Graphic file (type jpg)
<use figures/qual_result_images/coco/exp11/000000300913_m2f.jpg>
Package pdftex.def Info: figures/qual_result_images/coco/exp11/000000300913_m2f.jpg  used on input line 13.
(pdftex.def)             Requested size: 111.91418pt x 83.93443pt.
<figures/qual_result_images/coco/exp11/000000300913_ours.jpg, id=542, 361.35pt x 271.0125pt>
File: figures/qual_result_images/coco/exp11/000000300913_ours.jpg Graphic file (type jpg)
<use figures/qual_result_images/coco/exp11/000000300913_ours.jpg>
Package pdftex.def Info: figures/qual_result_images/coco/exp11/000000300913_ours.jpg  used on input line 14.
(pdftex.def)             Requested size: 111.91418pt x 83.93443pt.
<figures/qual_result_images/cityscapes/exp1/frankfurt_000000_016286_leftImg8bit.png, id=543, 2055.68pt x 1027.84pt>
File: figures/qual_result_images/cityscapes/exp1/frankfurt_000000_016286_leftImg8bit.png Graphic file (type png)
<use figures/qual_result_images/cityscapes/exp1/frankfurt_000000_016286_leftImg8bit.png>
Package pdftex.def Info: figures/qual_result_images/cityscapes/exp1/frankfurt_000000_016286_leftImg8bit.png  used on input line 17.
(pdftex.def)             Requested size: 111.91418pt x 55.94324pt.
<figures/qual_result_images/cityscapes/exp1/frankfurt_000000_016286_leftImg8bit_m2f.png, id=544, 1480.0896pt x 740.0448pt>
File: figures/qual_result_images/cityscapes/exp1/frankfurt_000000_016286_leftImg8bit_m2f.png Graphic file (type png)
<use figures/qual_result_images/cityscapes/exp1/frankfurt_000000_016286_leftImg8bit_m2f.png>
Package pdftex.def Info: figures/qual_result_images/cityscapes/exp1/frankfurt_000000_016286_leftImg8bit_m2f.png  used on input line 18.
(pdftex.def)             Requested size: 111.91418pt x 55.95265pt.
<figures/qual_result_images/cityscapes/exp1/frankfurt_000000_016286_leftImg8bit_ours.png, id=545, 1480.0896pt x 740.0448pt>
File: figures/qual_result_images/cityscapes/exp1/frankfurt_000000_016286_leftImg8bit_ours.png Graphic file (type png)
<use figures/qual_result_images/cityscapes/exp1/frankfurt_000000_016286_leftImg8bit_ours.png>
Package pdftex.def Info: figures/qual_result_images/cityscapes/exp1/frankfurt_000000_016286_leftImg8bit_ours.png  used on input line 19.
(pdftex.def)             Requested size: 111.91418pt x 55.95265pt.
<figures/qual_result_images/cityscapes/exp2/frankfurt_000001_004327_leftImg8bit.png, id=546, 2055.68pt x 1027.84pt>
File: figures/qual_result_images/cityscapes/exp2/frankfurt_000001_004327_leftImg8bit.png Graphic file (type png)
<use figures/qual_result_images/cityscapes/exp2/frankfurt_000001_004327_leftImg8bit.png>
Package pdftex.def Info: figures/qual_result_images/cityscapes/exp2/frankfurt_000001_004327_leftImg8bit.png  used on input line 22.
(pdftex.def)             Requested size: 111.91418pt x 55.94324pt.
<figures/qual_result_images/cityscapes/exp2/frankfurt_000001_004327_leftImg8bit_m2f.png, id=547, 1480.0896pt x 740.0448pt>
File: figures/qual_result_images/cityscapes/exp2/frankfurt_000001_004327_leftImg8bit_m2f.png Graphic file (type png)
<use figures/qual_result_images/cityscapes/exp2/frankfurt_000001_004327_leftImg8bit_m2f.png>
Package pdftex.def Info: figures/qual_result_images/cityscapes/exp2/frankfurt_000001_004327_leftImg8bit_m2f.png  used on input line 23.
(pdftex.def)             Requested size: 111.91418pt x 55.95265pt.
<figures/qual_result_images/cityscapes/exp2/frankfurt_000001_004327_leftImg8bit_ours.png, id=548, 1480.0896pt x 740.0448pt>
File: figures/qual_result_images/cityscapes/exp2/frankfurt_000001_004327_leftImg8bit_ours.png Graphic file (type png)
<use figures/qual_result_images/cityscapes/exp2/frankfurt_000001_004327_leftImg8bit_ours.png>
Package pdftex.def Info: figures/qual_result_images/cityscapes/exp2/frankfurt_000001_004327_leftImg8bit_ours.png  used on input line 24.
(pdftex.def)             Requested size: 111.91418pt x 55.95265pt.
)) (sections/5_conclusion.tex [13]) [14 <./figures/qual_result_images/coco/exp10/000000297427.jpg> <./figures/qual_result_images/coco/exp10/000000297427_m2f.jpg> <./figures/qual_result_images/coco/exp10/000000297427_ours.jpg> <./figures/qual_result_images/coco/exp11/000000300913.jpg> <./figures/qual_result_images/coco/exp11/000000300913_m2f.jpg> <./figures/qual_result_images/coco/exp11/000000300913_ours.jpg> <./figures/qual_result_images/cityscapes/exp1/frankfurt_000000_016286_leftImg8bit.png> <./figures/qual_result_images/cityscapes/exp1/frankfurt_000000_016286_leftImg8bit_m2f.png> <./figures/qual_result_images/cityscapes/exp1/frankfurt_000000_016286_leftImg8bit_ours.png> <./figures/qual_result_images/cityscapes/exp2/frankfurt_000001_004327_leftImg8bit.png> <./figures/qual_result_images/cityscapes/exp2/frankfurt_000001_004327_leftImg8bit_m2f.png> <./figures/qual_result_images/cityscapes/exp2/frankfurt_000001_004327_leftImg8bit_ours.png>] (supp_material/additional_exp.tex
pdfTeX warning (ext4): destination with the same identifier (name{section.1.1}) has been already used, duplicate ignored
<to be read again> 
                   \relax 
l.1 \section{Additional Experiments}
                                     [15

]
pdfTeX warning (ext4): destination with the same identifier (name{section.1.2}) has been already used, duplicate ignored
<to be read again> 
                   \relax 
l.89 \section{Additional Qualitative Results}
                                             
<figures/qual_result_images/coco/exp9/000000176232.jpg, id=605, 481.8pt x 642.4pt>
File: figures/qual_result_images/coco/exp9/000000176232.jpg Graphic file (type jpg)
<use figures/qual_result_images/coco/exp9/000000176232.jpg>
Package pdftex.def Info: figures/qual_result_images/coco/exp9/000000176232.jpg  used on input line 97.
(pdftex.def)             Requested size: 111.91418pt x 149.21922pt.
<figures/qual_result_images/coco/exp9/000000176232_m2f.jpg, id=606, 346.896pt x 462.528pt>
File: figures/qual_result_images/coco/exp9/000000176232_m2f.jpg Graphic file (type jpg)
<use figures/qual_result_images/coco/exp9/000000176232_m2f.jpg>
Package pdftex.def Info: figures/qual_result_images/coco/exp9/000000176232_m2f.jpg  used on input line 98.
(pdftex.def)             Requested size: 111.91418pt x 149.21883pt.
<figures/qual_result_images/coco/exp9/000000176232_ours.jpg, id=607, 346.896pt x 462.528pt>
File: figures/qual_result_images/coco/exp9/000000176232_ours.jpg Graphic file (type jpg)
<use figures/qual_result_images/coco/exp9/000000176232_ours.jpg>
Package pdftex.def Info: figures/qual_result_images/coco/exp9/000000176232_ours.jpg  used on input line 99.
(pdftex.def)             Requested size: 111.91418pt x 149.21883pt.
<figures/qual_result_images/coco/exp2/000000002149.jpg, id=608, 642.4pt x 428.60126pt>
File: figures/qual_result_images/coco/exp2/000000002149.jpg Graphic file (type jpg)
<use figures/qual_result_images/coco/exp2/000000002149.jpg>
Package pdftex.def Info: figures/qual_result_images/coco/exp2/000000002149.jpg  used on input line 102.
(pdftex.def)             Requested size: 111.91418pt x 74.66626pt.
<figures/qual_result_images/coco/exp2/000000002149_m2f.jpg, id=609, 462.528pt x 308.5929pt>
File: figures/qual_result_images/coco/exp2/000000002149_m2f.jpg Graphic file (type jpg)
<use figures/qual_result_images/coco/exp2/000000002149_m2f.jpg>
Package pdftex.def Info: figures/qual_result_images/coco/exp2/000000002149_m2f.jpg  used on input line 103.
(pdftex.def)             Requested size: 111.91418pt x 74.66652pt.
<figures/qual_result_images/coco/exp2/000000002149_ours.jpg, id=610, 462.528pt x 308.5929pt>
File: figures/qual_result_images/coco/exp2/000000002149_ours.jpg Graphic file (type jpg)
<use figures/qual_result_images/coco/exp2/000000002149_ours.jpg>
Package pdftex.def Info: figures/qual_result_images/coco/exp2/000000002149_ours.jpg  used on input line 104.
(pdftex.def)             Requested size: 111.91418pt x 74.66652pt.
<figures/qual_result_images/cityscapes/exp6/munster_000008_000019_leftImg8bit.png, id=611, 2055.68pt x 1027.84pt>
File: figures/qual_result_images/cityscapes/exp6/munster_000008_000019_leftImg8bit.png Graphic file (type png)
<use figures/qual_result_images/cityscapes/exp6/munster_000008_000019_leftImg8bit.png>
Package pdftex.def Info: figures/qual_result_images/cityscapes/exp6/munster_000008_000019_leftImg8bit.png  used on input line 107.
(pdftex.def)             Requested size: 111.91418pt x 55.94324pt.
<figures/qual_result_images/cityscapes/exp6/munster_000008_000019_leftImg8bit_m2f.png, id=612, 1480.0896pt x 740.0448pt>
File: figures/qual_result_images/cityscapes/exp6/munster_000008_000019_leftImg8bit_m2f.png Graphic file (type png)
<use figures/qual_result_images/cityscapes/exp6/munster_000008_000019_leftImg8bit_m2f.png>
Package pdftex.def Info: figures/qual_result_images/cityscapes/exp6/munster_000008_000019_leftImg8bit_m2f.png  used on input line 108.
(pdftex.def)             Requested size: 111.91418pt x 55.95265pt.
<figures/qual_result_images/cityscapes/exp6/munster_000008_000019_leftImg8bit_ours.png, id=613, 1480.0896pt x 740.0448pt>
File: figures/qual_result_images/cityscapes/exp6/munster_000008_000019_leftImg8bit_ours.png Graphic file (type png)
<use figures/qual_result_images/cityscapes/exp6/munster_000008_000019_leftImg8bit_ours.png>
Package pdftex.def Info: figures/qual_result_images/cityscapes/exp6/munster_000008_000019_leftImg8bit_ours.png  used on input line 109.
(pdftex.def)             Requested size: 111.91418pt x 55.95265pt.
<figures/qual_result_images/cityscapes/exp7/munster_000013_000019_leftImg8bit.png, id=614, 2055.68pt x 1027.84pt>
File: figures/qual_result_images/cityscapes/exp7/munster_000013_000019_leftImg8bit.png Graphic file (type png)
<use figures/qual_result_images/cityscapes/exp7/munster_000013_000019_leftImg8bit.png>
Package pdftex.def Info: figures/qual_result_images/cityscapes/exp7/munster_000013_000019_leftImg8bit.png  used on input line 112.
(pdftex.def)             Requested size: 111.91418pt x 55.94324pt.
<figures/qual_result_images/cityscapes/exp7/munster_000013_000019_leftImg8bit_m2f.png, id=615, 1480.0896pt x 740.0448pt>
File: figures/qual_result_images/cityscapes/exp7/munster_000013_000019_leftImg8bit_m2f.png Graphic file (type png)
<use figures/qual_result_images/cityscapes/exp7/munster_000013_000019_leftImg8bit_m2f.png>
Package pdftex.def Info: figures/qual_result_images/cityscapes/exp7/munster_000013_000019_leftImg8bit_m2f.png  used on input line 113.
(pdftex.def)             Requested size: 111.91418pt x 55.95265pt.
<figures/qual_result_images/cityscapes/exp7/munster_000013_000019_leftImg8bit_ours.png, id=616, 1480.0896pt x 740.0448pt>
File: figures/qual_result_images/cityscapes/exp7/munster_000013_000019_leftImg8bit_ours.png Graphic file (type png)
<use figures/qual_result_images/cityscapes/exp7/munster_000013_000019_leftImg8bit_ours.png>
Package pdftex.def Info: figures/qual_result_images/cityscapes/exp7/munster_000013_000019_leftImg8bit_ours.png  used on input line 114.
(pdftex.def)             Requested size: 111.91418pt x 55.95265pt.
) [16] (main.bbl (main.brf)
\tf@brf=\write5
\openout5 = `main.brf'.

 [17 <./figures/qual_result_images/coco/exp9/000000176232.jpg> <./figures/qual_result_images/coco/exp9/000000176232_m2f.jpg> <./figures/qual_result_images/coco/exp9/000000176232_ours.jpg> <./figures/qual_result_images/coco/exp2/000000002149.jpg> <./figures/qual_result_images/coco/exp2/000000002149_m2f.jpg> <./figures/qual_result_images/coco/exp2/000000002149_ours.jpg> <./figures/qual_result_images/cityscapes/exp6/munster_000008_000019_leftImg8bit.png> <./figures/qual_result_images/cityscapes/exp6/munster_000008_000019_leftImg8bit_m2f.png> <./figures/qual_result_images/cityscapes/exp6/munster_000008_000019_leftImg8bit_ours.png> <./figures/qual_result_images/cityscapes/exp7/munster_000013_000019_leftImg8bit.png> <./figures/qual_result_images/cityscapes/exp7/munster_000013_000019_leftImg8bit_m2f.png> <./figures/qual_result_images/cityscapes/exp7/munster_000013_000019_leftImg8bit_ours.png>] [18] [19]) [20] (main.aux)
 ***********
LaTeX2e <2023-11-01>
L3 programming layer <2023-11-09>
 ***********
Package rerunfilecheck Info: File `main.out' has not changed.
(rerunfilecheck)             Checksum: E3EF3042371E5933B6C824508BD3756C;353.
Package rerunfilecheck Info: File `main.brf' has not changed.
(rerunfilecheck)             Checksum: EF9814812A9FE2C9855B0121A0051738;6698.
 ) 
Here is how much of TeX's memory you used:
 35466 strings out of 474587
 720863 string characters out of 5745701
 1967558 words of memory out of 5000000
 56863 multiletter control sequences out of 15000+600000
 578883 words of font info for 88 fonts, out of 8000000 for 9000
 1141 hyphenation exceptions out of 8191
 99i,17n,101p,1984b,1316s stack positions out of 10000i,1000n,20000p,200000b,200000s
 <C:\Users\longo\AppData\Local\MiKTeX\fonts/pk/ljfour/jknappen/ec/dpi600\ecrm1440.pk> <C:\Users\longo\AppData\Local\MiKTeX\fonts/pk/ljfour/jknappen/ec/dpi600\ecbi0900.pk> <C:\Users\longo\AppData\Local\MiKTeX\fonts/pk/ljfour/jknappen/ec/dpi600\ecrm0700.pk> <C:\Users\longo\AppData\Local\MiKTeX\fonts/pk/ljfour/jknappen/ec/dpi600\ectt1200.pk> <C:\Users\longo\AppData\Local\MiKTeX\fonts/pk/ljfour/jknappen/ec/dpi600\ecbi1000.pk> <C:\Users\longo\AppData\Local\MiKTeX\fonts/pk/ljfour/jknappen/ec/dpi600\ecbx1000.pk> <C:\Users\longo\AppData\Local\MiKTeX\fonts/pk/ljfour/jknappen/ec/dpi600\ectt1000.pk> <C:\Users\longo\AppData\Local\MiKTeX\fonts/pk/ljfour/jknappen/ec/dpi600\ecti1000.pk> <C:\Users\longo\AppData\Local\MiKTeX\fonts/pk/ljfour/jknappen/ec/dpi600\ecbx1200.pk> <C:\Users\longo\AppData\Local\MiKTeX\fonts/pk/ljfour/jknappen/ec/dpi600\ecti0900.pk> <C:\Users\longo\AppData\Local\MiKTeX\fonts/pk/ljfour/jknappen/ec/dpi600\ecbx0900.pk> <C:\Users\longo\AppData\Local\MiKTeX\fonts/pk/ljfour/jknappen/ec/dpi600\ectt0900.pk> <C:\Users\longo\AppData\Local\MiKTeX\fonts/pk/ljfour/jknappen/ec/dpi600\ecrm0900.pk> <C:\Users\longo\AppData\Local\MiKTeX\fonts/pk/ljfour/jknappen/ec/dpi600\ecrm1000.pk> <C:\Users\longo\AppData\Local\MiKTeX\fonts/pk/ljfour/jknappen/ec/dpi600\ecbx1440.pk><C:/Users/longo/AppData/Local/Programs/MiKTeX/fonts/type1/public/amsfonts/cm/cmex10.pfb><C:/Users/longo/AppData/Local/Programs/MiKTeX/fonts/type1/public/amsfonts/cm/cmmi10.pfb><C:/Users/longo/AppData/Local/Programs/MiKTeX/fonts/type1/public/amsfonts/cm/cmmi6.pfb><C:/Users/longo/AppData/Local/Programs/MiKTeX/fonts/type1/public/amsfonts/cm/cmmi7.pfb><C:/Users/longo/AppData/Local/Programs/MiKTeX/fonts/type1/public/amsfonts/cm/cmmi9.pfb><C:/Users/longo/AppData/Local/Programs/MiKTeX/fonts/type1/public/amsfonts/cm/cmmib10.pfb><C:/Users/longo/AppData/Local/Programs/MiKTeX/fonts/type1/public/amsfonts/cm/cmr10.pfb><C:/Users/longo/AppData/Local/Programs/MiKTeX/fonts/type1/public/amsfonts/cm/cmr12.pfb><C:/Users/longo/AppData/Local/Programs/MiKTeX/fonts/type1/public/amsfonts/cm/cmr5.pfb><C:/Users/longo/AppData/Local/Programs/MiKTeX/fonts/type1/public/amsfonts/cm/cmr6.pfb><C:/Users/longo/AppData/Local/Programs/MiKTeX/fonts/type1/public/amsfonts/cm/cmr7.pfb><C:/Users/longo/AppData/Local/Programs/MiKTeX/fonts/type1/public/amsfonts/cm/cmr8.pfb><C:/Users/longo/AppData/Local/Programs/MiKTeX/fonts/type1/public/amsfonts/cm/cmr9.pfb><C:/Users/longo/AppData/Local/Programs/MiKTeX/fonts/type1/public/amsfonts/cm/cmss8.pfb><C:/Users/longo/AppData/Local/Programs/MiKTeX/fonts/type1/public/amsfonts/cm/cmsy10.pfb><C:/Users/longo/AppData/Local/Programs/MiKTeX/fonts/type1/public/amsfonts/cm/cmsy5.pfb><C:/Users/longo/AppData/Local/Programs/MiKTeX/fonts/type1/public/amsfonts/cm/cmsy6.pfb><C:/Users/longo/AppData/Local/Programs/MiKTeX/fonts/type1/public/amsfonts/cm/cmsy7.pfb><C:/Users/longo/AppData/Local/Programs/MiKTeX/fonts/type1/public/amsfonts/cm/cmsy9.pfb>
Output written on main.pdf (20 pages, 96899941 bytes).
PDF statistics:
 1407 PDF objects out of 1440 (max. 8388607)
 143 named destinations out of 1000 (max. 500000)
 166 words of extra memory for PDF output out of 10000 (max. 10000000)

